2015/04/07 21:35:23 [error] [php] Undefined variable: title (/var/www/html/cakeshop/protected/views/products/category.php:132)
Stack trace:
#0 /var/www/html/cakeshop/framework/web/CController.php(869): ProductsController->renderFile()
#1 /var/www/html/cakeshop/framework/web/CController.php(782): ProductsController->renderPartial()
#2 /var/www/html/cakeshop/protected/controllers/ProductsController.php(29): ProductsController->render()
#3 /var/www/html/cakeshop/framework/web/actions/CInlineAction.php(49): ProductsController->actionCategory()
#4 /var/www/html/cakeshop/framework/web/CController.php(308): CInlineAction->runWithParams()
#5 /var/www/html/cakeshop/framework/web/CController.php(286): ProductsController->runAction()
#6 /var/www/html/cakeshop/framework/web/CController.php(265): ProductsController->runActionWithFilters()
#7 /var/www/html/cakeshop/framework/web/CWebApplication.php(282): ProductsController->run()
#8 /var/www/html/cakeshop/framework/web/CWebApplication.php(141): CWebApplication->runController()
#9 /var/www/html/cakeshop/framework/base/CApplication.php(180): CWebApplication->processRequest()
#10 /var/www/html/cakeshop/index.php(13): CWebApplication->run()
REQUEST_URI=/cakeshop/index.php?r=Products/Category
in /var/www/html/cakeshop/protected/views/products/category.php (132)
in /var/www/html/cakeshop/protected/controllers/ProductsController.php (29)
in /var/www/html/cakeshop/index.php (13)
2015/04/07 23:31:33 [error] [php] Undefined variable: title (/var/www/html/cakeshop/protected/views/products/category.php:132)
Stack trace:
#0 /var/www/html/cakeshop/framework/web/CController.php(869): ProductsController->renderFile()
#1 /var/www/html/cakeshop/framework/web/CController.php(782): ProductsController->renderPartial()
#2 /var/www/html/cakeshop/protected/controllers/ProductsController.php(29): ProductsController->render()
#3 /var/www/html/cakeshop/framework/web/actions/CInlineAction.php(49): ProductsController->actionCategory()
#4 /var/www/html/cakeshop/framework/web/CController.php(308): CInlineAction->runWithParams()
#5 /var/www/html/cakeshop/framework/web/CController.php(286): ProductsController->runAction()
#6 /var/www/html/cakeshop/framework/web/CController.php(265): ProductsController->runActionWithFilters()
#7 /var/www/html/cakeshop/framework/web/CWebApplication.php(282): ProductsController->run()
#8 /var/www/html/cakeshop/framework/web/CWebApplication.php(141): CWebApplication->runController()
#9 /var/www/html/cakeshop/framework/base/CApplication.php(180): CWebApplication->processRequest()
#10 /var/www/html/cakeshop/index.php(13): CWebApplication->run()
REQUEST_URI=/cakeshop/index.php?r=Products/Category
in /var/www/html/cakeshop/protected/views/products/category.php (132)
in /var/www/html/cakeshop/protected/controllers/ProductsController.php (29)
in /var/www/html/cakeshop/index.php (13)
2015/04/07 23:31:37 [error] [php] Undefined variable: title (/var/www/html/cakeshop/protected/views/products/category.php:132)
Stack trace:
#0 /var/www/html/cakeshop/framework/web/CController.php(869): ProductsController->renderFile()
#1 /var/www/html/cakeshop/framework/web/CController.php(782): ProductsController->renderPartial()
#2 /var/www/html/cakeshop/protected/controllers/ProductsController.php(29): ProductsController->render()
#3 /var/www/html/cakeshop/framework/web/actions/CInlineAction.php(49): ProductsController->actionCategory()
#4 /var/www/html/cakeshop/framework/web/CController.php(308): CInlineAction->runWithParams()
#5 /var/www/html/cakeshop/framework/web/CController.php(286): ProductsController->runAction()
#6 /var/www/html/cakeshop/framework/web/CController.php(265): ProductsController->runActionWithFilters()
#7 /var/www/html/cakeshop/framework/web/CWebApplication.php(282): ProductsController->run()
#8 /var/www/html/cakeshop/framework/web/CWebApplication.php(141): CWebApplication->runController()
#9 /var/www/html/cakeshop/framework/base/CApplication.php(180): CWebApplication->processRequest()
#10 /var/www/html/cakeshop/index.php(13): CWebApplication->run()
REQUEST_URI=/cakeshop/index.php?r=Products/Category
in /var/www/html/cakeshop/protected/views/products/category.php (132)
in /var/www/html/cakeshop/protected/controllers/ProductsController.php (29)
in /var/www/html/cakeshop/index.php (13)
2015/04/07 23:36:44 [error] [php] Undefined variable: title (/var/www/html/cakeshop/protected/views/products/category.php:132)
Stack trace:
#0 /var/www/html/cakeshop/framework/web/CController.php(869): ProductsController->renderFile()
#1 /var/www/html/cakeshop/framework/web/CController.php(782): ProductsController->renderPartial()
#2 /var/www/html/cakeshop/protected/controllers/ProductsController.php(29): ProductsController->render()
#3 /var/www/html/cakeshop/framework/web/actions/CInlineAction.php(49): ProductsController->actionCategory()
#4 /var/www/html/cakeshop/framework/web/CController.php(308): CInlineAction->runWithParams()
#5 /var/www/html/cakeshop/framework/web/CController.php(286): ProductsController->runAction()
#6 /var/www/html/cakeshop/framework/web/CController.php(265): ProductsController->runActionWithFilters()
#7 /var/www/html/cakeshop/framework/web/CWebApplication.php(282): ProductsController->run()
#8 /var/www/html/cakeshop/framework/web/CWebApplication.php(141): CWebApplication->runController()
#9 /var/www/html/cakeshop/framework/base/CApplication.php(180): CWebApplication->processRequest()
#10 /var/www/html/cakeshop/index.php(13): CWebApplication->run()
REQUEST_URI=/cakeshop/index.php?r=Products/Category
in /var/www/html/cakeshop/protected/views/products/category.php (132)
in /var/www/html/cakeshop/protected/controllers/ProductsController.php (29)
in /var/www/html/cakeshop/index.php (13)
2015/04/19 10:00:20 [error] [exception.CException] exception 'CException' with message 'FrontendController cannot find the requested view "index".' in /var/www/html/cakeshop/framework/web/CController.php:878
Stack trace:
#0 /var/www/html/cakeshop/framework/web/CController.php(782): CController->renderPartial('index', NULL, true)
#1 /var/www/html/cakeshop/protected/controllers/FrontendController.php(19): CController->render('index')
#2 /var/www/html/cakeshop/framework/web/actions/CInlineAction.php(49): FrontendController->actionIndex()
#3 /var/www/html/cakeshop/framework/web/CController.php(308): CInlineAction->runWithParams(Array)
#4 /var/www/html/cakeshop/framework/web/CController.php(286): CController->runAction(Object(CInlineAction))
#5 /var/www/html/cakeshop/framework/web/CController.php(265): CController->runActionWithFilters(Object(CInlineAction), Array)
#6 /var/www/html/cakeshop/framework/web/CWebApplication.php(282): CController->run('')
#7 /var/www/html/cakeshop/framework/web/CWebApplication.php(141): CWebApplication->runController('frontend')
#8 /var/www/html/cakeshop/framework/base/CApplication.php(180): CWebApplication->processRequest()
#9 /var/www/html/cakeshop/index.php(13): CApplication->run()
#10 {main}
REQUEST_URI=/cakeshop/index.php?r=frontend
---
2015/04/19 12:39:07 [error] [exception.CHttpException.404] exception 'CHttpException' with message 'The system is unable to find the requested action "products".' in /var/www/html/cakeshop/framework/web/CController.php:483
Stack trace:
#0 /var/www/html/cakeshop/framework/web/CController.php(270): CController->missingAction('products')
#1 /var/www/html/cakeshop/framework/web/CWebApplication.php(282): CController->run('products')
#2 /var/www/html/cakeshop/framework/web/CWebApplication.php(141): CWebApplication->runController('frontend/produc...')
#3 /var/www/html/cakeshop/framework/base/CApplication.php(180): CWebApplication->processRequest()
#4 /var/www/html/cakeshop/index.php(13): CApplication->run()
#5 {main}
REQUEST_URI=/cakeshop/index.php?r=frontend/products
HTTP_REFERER=http://localhost/cakeshop/index.php?r=frontend
---
2015/04/20 11:39:01 [error] [exception.CDbException] exception 'CDbException' with message 'CDbConnection failed to open the DB connection: SQLSTATE[28000] [1045] Access denied for user 'root'@'localhost' (using password: YES)' in C:\AppServ\www\cakeshop\framework\db\CDbConnection.php:382
Stack trace:
#0 C:\AppServ\www\cakeshop\framework\db\CDbConnection.php(330): CDbConnection->open()
#1 C:\AppServ\www\cakeshop\framework\db\CDbConnection.php(308): CDbConnection->setActive(true)
#2 C:\AppServ\www\cakeshop\framework\base\CModule.php(387): CDbConnection->init()
#3 C:\AppServ\www\cakeshop\framework\base\CApplication.php(450): CModule->getComponent('db')
#4 C:\AppServ\www\cakeshop\framework\db\ar\CActiveRecord.php(634): CApplication->getDb()
#5 C:\AppServ\www\cakeshop\framework\db\ar\CActiveRecord.php(667): CActiveRecord->getDbConnection()
#6 C:\AppServ\www\cakeshop\framework\db\ar\CActiveRecord.php(1469): CActiveRecord->getCommandBuilder()
#7 C:\AppServ\www\cakeshop\protected\controllers\ProductsController.php(8): CActiveRecord->findAll()
#8 C:\AppServ\www\cakeshop\framework\web\actions\CInlineAction.php(49): ProductsController->actionIndex()
#9 C:\AppServ\www\cakeshop\framework\web\CController.php(308): CInlineAction->runWithParams(Array)
#10 C:\AppServ\www\cakeshop\framework\web\CController.php(286): CController->runAction(Object(CInlineAction))
#11 C:\AppServ\www\cakeshop\framework\web\CController.php(265): CController->runActionWithFilters(Object(CInlineAction), Array)
#12 C:\AppServ\www\cakeshop\framework\web\CWebApplication.php(282): CController->run('index')
#13 C:\AppServ\www\cakeshop\framework\web\CWebApplication.php(141): CWebApplication->runController('Products/index')
#14 C:\AppServ\www\cakeshop\framework\base\CApplication.php(180): CWebApplication->processRequest()
#15 C:\AppServ\www\cakeshop\index.php(13): CApplication->run()
#16 {main}
REQUEST_URI=/cakeshop/index.php?r=Products/index
HTTP_REFERER=http://localhost:81/cakeshop/
---
2015/04/20 11:40:15 [error] [exception.CDbException] exception 'CDbException' with message 'CDbConnection failed to open the DB connection: SQLSTATE[28000] [1045] Access denied for user '1234'@'localhost' (using password: YES)' in C:\AppServ\www\cakeshop\framework\db\CDbConnection.php:382
Stack trace:
#0 C:\AppServ\www\cakeshop\framework\db\CDbConnection.php(330): CDbConnection->open()
#1 C:\AppServ\www\cakeshop\framework\db\CDbConnection.php(308): CDbConnection->setActive(true)
#2 C:\AppServ\www\cakeshop\framework\base\CModule.php(387): CDbConnection->init()
#3 C:\AppServ\www\cakeshop\framework\base\CApplication.php(450): CModule->getComponent('db')
#4 C:\AppServ\www\cakeshop\framework\db\ar\CActiveRecord.php(634): CApplication->getDb()
#5 C:\AppServ\www\cakeshop\framework\db\ar\CActiveRecord.php(667): CActiveRecord->getDbConnection()
#6 C:\AppServ\www\cakeshop\framework\db\ar\CActiveRecord.php(1469): CActiveRecord->getCommandBuilder()
#7 C:\AppServ\www\cakeshop\protected\controllers\ProductsController.php(8): CActiveRecord->findAll()
#8 C:\AppServ\www\cakeshop\framework\web\actions\CInlineAction.php(49): ProductsController->actionIndex()
#9 C:\AppServ\www\cakeshop\framework\web\CController.php(308): CInlineAction->runWithParams(Array)
#10 C:\AppServ\www\cakeshop\framework\web\CController.php(286): CController->runAction(Object(CInlineAction))
#11 C:\AppServ\www\cakeshop\framework\web\CController.php(265): CController->runActionWithFilters(Object(CInlineAction), Array)
#12 C:\AppServ\www\cakeshop\framework\web\CWebApplication.php(282): CController->run('index')
#13 C:\AppServ\www\cakeshop\framework\web\CWebApplication.php(141): CWebApplication->runController('Products/index')
#14 C:\AppServ\www\cakeshop\framework\base\CApplication.php(180): CWebApplication->processRequest()
#15 C:\AppServ\www\cakeshop\index.php(13): CApplication->run()
#16 {main}
REQUEST_URI=/cakeshop/index.php?r=Products/index
HTTP_REFERER=http://localhost:81/cakeshop/
---
